0 silly argv {
0 silly argv   _: [ 'run' ],
0 silly argv   stream: true,
0 silly argv   lernaVersion: '5.6.2',
0 silly argv   '$0': 'node_modules\\lerna\\cli.js',
0 silly argv   script: 'start'
0 silly argv }
1 notice cli v5.6.2
2 verbose rootPath D:\PURWADHIKA - jcwd2504\jcwd250401
3 error JSONError: Unexpected token "<" (0x3C) in JSON at position 580 while parsing near "...t-dom\": \"^18.2.0\",\r\n<<<<<<< HEAD\r\n    \"r..." in projects\client\package.json
3 error
3 error [0m [90m 19 |[39m     [32m"react"[39m[33m:[39m [32m"^18.2.0"[39m[33m,[39m[0m
3 error [0m [90m 20 |[39m     [32m"react-dom"[39m[33m:[39m [32m"^18.2.0"[39m[33m,[39m[0m
3 error [0m[31m[1m>[22m[39m[90m 21 |[39m [33m<<[39m[33m<<[39m[33m<<[39m[33m<[39m [33mHEAD[39m[0m
3 error [0m [90m    |[39m [31m[1m^[22m[39m[0m
3 error [0m [90m 22 |[39m     [32m"react-router-dom"[39m[33m:[39m [32m"^6.18.0"[39m[33m,[39m[0m
3 error [0m [90m 23 |[39m [33m===[39m[33m===[39m[33m=[39m[0m
3 error [0m [90m 24 |[39m     [32m"react-icons"[39m[33m:[39m [32m"^4.11.0"[39m[33m,[39m[0m
3 error
3 error     at parseJson (D:\PURWADHIKA - jcwd2504\jcwd250401\node_modules\parse-json\index.js:29:21)
3 error     at parse (D:\PURWADHIKA - jcwd2504\jcwd250401\node_modules\load-json-file\index.js:15:9)
3 error     at module.exports (D:\PURWADHIKA - jcwd2504\jcwd250401\node_modules\load-json-file\index.js:18:47)
